Arguments: 
  C:\Program Files\nodejs\node.exe C:\Program Files (x86)\Nodist\bin\node_modules\yarn\bin\yarn.js add -D eslint @typescript-eslint/parser @typescript-eslint/eslint-plugin

PATH: 
  C:\Python39\Scripts\;C:\Python39\;C:\Program Files\Common Files\Oracle\Java\javapath;C:\Program Files (x86)\Common Files\Oracle\Java\javapath;C:\Program Files (x86)\Intel\Intel(R) Management Engine Components\iCLS\;C:\Program Files\Intel\Intel(R) Management Engine Components\iCLS\;C:\Windows\system32;C:\Windows;C:\Windows\System32\Wbem;C:\Windows\System32\WindowsPowerShell\v1.0\;C:\Windows\System32\OpenSSH\;C:\Program Files (x86)\Intel\Intel(R) Management Engine Components\DAL;C:\Program Files\Intel\Intel(R) Management Engine Components\DAL;C:\Program Files (x86)\Intel\Intel(R) Management Engine Components\IPT;C:\Program Files\Intel\Intel(R) Management Engine Components\IPT;C:\Program Files (x86)\NVIDIA Corporation\PhysX\Common;C:\Program Files\NVIDIA Corporation\NVIDIA NvDLISR;C:\WINDOWS\system32;C:\WINDOWS;C:\WINDOWS\System32\Wbem;C:\WINDOWS\System32\WindowsPowerShell\v1.0\;C:\WINDOWS\System32\OpenSSH\;C:\Program Files (x86)\Nodist\bin;C:\HashiCorp\Vagrant\bin;C:\Program Files\Microsoft SQL Server\130\Tools\Binn\;C:\Program Files\dotnet\;C:\Program Files\WinMerge;C:\ProgramData\chocolatey\bin;C:\Program Files\Git\cmd;C:\Program Files\Microsoft VS Code\bin;C:\ProgramData\nvm;C:\Program Files\nodejs;C:\Program Files (x86)\Yarn\bin\;C:\Program Files\Docker\Docker\resources\bin;C:\ProgramData\DockerDesktop\version-bin;C:\Program Files (x86)\gdipp\;C:\Ruby24-x64\bin;C:\Users\Cou\AppData\Local\Microsoft\WindowsApps;C:\Users\Cou\AppData\Local\Programs\Microsoft VS Code\bin;C:\Users\Cou\AppData\Local\Pandoc\;C:\Users\Cou\Documents\programing\ori_command;C:\Program Files\mingw-w64\x86_64-8.1.0-posix-seh-rt_v6-rev0\mingw64\bin;C:\Users\Cou\Application\commands\zip-3.0-bin\bin;C:\Users\Cou\Application\commands\bzip2-1.0.5-bin\bin;C:\Users\Cou\AppData\Local\Microsoft\WindowsApps;C:\Users\Cou\.dotnet\tools;C:\Users\YUUKI\AppData\Local\Programs\Microsoft VS Code\bin;C:\Program Files (x86)\Nodist\bin\bin;C:\Program Files\heroku\bin;C:\Program Files\PostgreSQL\13\bin;C:\Program Files\WindowsApps\pythonsoftwarefoundation.python.3.9_3.9.1520.0_x64__qbz5n2kfra8p0\Lib\site-packages;C:\Users\Cou\AppData\Local\Packages\PythonSoftwareFoundation.Python.3.9_qbz5n2kfra8p0\LocalCache\local-packages\Python39\site-packages;C:\Users\Cou\AppData\Local\Yarn\bin;C:\tools\msys64;c:\tools\msys64\mingw64\bin;c:\tools\msys64\usr\local\bin;c:\tools\msys64\usr\bin;c:\tools\msys64\bin;

Yarn version: 
  1.22.10

Node version: 
  14.17.4

Platform: 
  win32 x64

Trace: 
  SyntaxError: C:\Users\Cou\programming\MinecraftWidgetsGen\package.json: Unexpected end of JSON input
      at JSON.parse (<anonymous>)
      at C:\Program Files (x86)\Nodist\bin\node_modules\yarn\lib\cli.js:1625:59
      at Generator.next (<anonymous>)
      at step (C:\Program Files (x86)\Nodist\bin\node_modules\yarn\lib\cli.js:310:30)
      at C:\Program Files (x86)\Nodist\bin\node_modules\yarn\lib\cli.js:321:13

npm manifest: 
  

yarn manifest: 
  No manifest

Lockfile: 
  No lockfile
